<?xml version="1.0" encoding="UTF-8"?>
<beans xmlns="http://www.springframework.org/schema/beans"
       xmlns:xsi="http://www.w3.org/2001/XMLSchema-instance"
       xsi:schemaLocation="http://www.springframework.org/schema/beans http://www.springframework.org/schema/beans/spring-beans-2.0.xsd">

    <bean id="dataSource" class="org.springframework.jdbc.datasource.SimpleDriverDataSource">
        <property name="url" value="jdbc:mysql://localhost:3306/test?rewriteBatchedStatements=true"/>
        <property name="driverClass" value="org.mariadb.jdbc.Driver"/>
        <property name="username" value="root"/>
        <property name="password" value="password"/>
    </bean>

    <bean id="sessionFactory" class="org.springframework.orm.hibernate3.annotation.AnnotationSessionFactoryBean">
        <property name="dataSource" ref="dataSource"/>
        <property name="annotatedClasses">
            <list>
                <value>org.test.mariadb.batch.test.Car</value>
            </list>
        </property>
        <property name="hibernateProperties">
            <props>
                <prop key="hibernate.connection.characterEncoding">utf8</prop>
                <prop key="hibernate.format_sql">false</prop>
                <prop key="use_sql_comments">false</prop>
                <prop key="hibernate.dialect">org.hibernate.dialect.MySQL5InnoDBDialect</prop>
                <prop key="hibernate.generate_statistics">true</prop>
                <prop key="hibernate.jdbc.batch_size">5</prop>
                <prop key="hibernate.hbm2ddl.auto">update</prop>
            </props>
        </property>
    </bean>
    <bean id="transactionManager" class="org.springframework.orm.hibernate3.HibernateTransactionManager">
        <constructor-arg ref="sessionFactory"/>
        <property name="dataSource" ref="dataSource"/>
    </bean>

    <bean id="transactionTemplate" class="org.springframework.transaction.support.TransactionTemplate">
        <property name="transactionManager" ref="transactionManager"/>
    </bean>

    <bean id="carDao" class="org.test.mariadb.batch.test.CarDao">
        <constructor-arg ref="sessionFactory"/>
        <constructor-arg ref="transactionTemplate"/>
    </bean>

</beans>
